[debug] [2019-07-02T22:41:14.448Z] ----------------------------------------------------------------------
[debug] [2019-07-02T22:41:14.450Z] Command:       /usr/local/bin/node /Users/simon/.npm-global/bin/firebase deploy
[debug] [2019-07-02T22:41:14.450Z] CLI Version:   7.0.2
[debug] [2019-07-02T22:41:14.450Z] Platform:      darwin
[debug] [2019-07-02T22:41:14.450Z] Node Version:  v10.15.1
[debug] [2019-07-02T22:41:14.451Z] Time:          Wed Jul 03 2019 06:41:14 GMT+0800 (Singapore Standard Time)
[debug] [2019-07-02T22:41:14.451Z] ----------------------------------------------------------------------
[debug] 
[debug] [2019-07-02T22:41:14.459Z] > command requires scopes: ["email","openid","https://www.googleapis.com/auth/cloudplatformprojects.readonly","https://www.googleapis.com/auth/firebase","https://www.googleapis.com/auth/cloud-platform"]
[debug] [2019-07-02T22:41:14.460Z] > authorizing via signed-in user
[debug] [2019-07-02T22:41:14.460Z] [iam] checking project calendar-app-57e88 for permissions ["cloudfunctions.functions.create","cloudfunctions.functions.delete","cloudfunctions.functions.get","cloudfunctions.functions.list","cloudfunctions.functions.update","cloudfunctions.operations.get","firebase.projects.get"]
[debug] [2019-07-02T22:41:14.461Z] > refreshing access token with scopes: ["email","https://www.googleapis.com/auth/cloud-platform","https://www.googleapis.com/auth/cloudplatformprojects.readonly","https://www.googleapis.com/auth/firebase","openid"]
[debug] [2019-07-02T22:41:14.461Z] >>> HTTP REQUEST POST https://www.googleapis.com/oauth2/v3/token  
 <request body omitted>
[debug] [2019-07-02T22:41:15.083Z] <<< HTTP RESPONSE 200
[debug] [2019-07-02T22:41:15.142Z] >>> HTTP REQUEST POST https://cloudresourcemanager.googleapis.com/v1/projects/calendar-app-57e88:testIamPermissions  

[debug] [2019-07-02T22:41:17.516Z] <<< HTTP RESPONSE 200
[info] 
[info] === Deploying to 'calendar-app-57e88'...
[info] 
[info] i  deploying functions
[debug] [2019-07-02T22:41:21.257Z] > [functions] package.json contents: {
  "name": "functions",
  "description": "Cloud Functions for Firebase",
  "scripts": {
    "serve": "firebase serve --only functions",
    "shell": "firebase functions:shell",
    "start": "npm run shell",
    "deploy": "firebase deploy --only functions",
    "logs": "firebase functions:log"
  },
  "engines": {
    "node": "8"
  },
  "devDependencies": {
    "eslint": "^4.13.1",
    "eslint-plugin-promise": "^3.6.0"
  },
  "dependencies": {
    "@google-cloud/translate": "^3.0.1",
    "cors": "^2.8.5",
    "firebase-admin": "~7.3.0",
    "firebase-functions": "^3.0.1",
    "moment": "^2.24.0",
    "node-fetch": "^2.5.0"
  },
  "private": true
}
[info] i  functions: ensuring necessary APIs are enabled...
[debug] [2019-07-02T22:41:21.258Z] >>> HTTP REQUEST GET https://servicemanagement.googleapis.com/v1/services/cloudfunctions.googleapis.com/projectSettings/calendar-app-57e88?view=CONSUMER_VIEW  
 
[debug] [2019-07-02T22:41:21.259Z] >>> HTTP REQUEST GET https://servicemanagement.googleapis.com/v1/services/runtimeconfig.googleapis.com/projectSettings/calendar-app-57e88?view=CONSUMER_VIEW  
 
[debug] [2019-07-02T22:41:27.472Z] <<< HTTP RESPONSE 200
[debug] [2019-07-02T22:41:29.620Z] <<< HTTP RESPONSE 200
[info] ✔  functions: all necessary APIs are enabled
[debug] [2019-07-02T22:41:29.623Z] >>> HTTP REQUEST GET https://cloudresourcemanager.googleapis.com/v1/projects/calendar-app-57e88  
 
[debug] [2019-07-02T22:41:31.536Z] <<< HTTP RESPONSE 200
[debug] [2019-07-02T22:41:31.537Z] >>> HTTP REQUEST GET https://mobilesdk-pa.googleapis.com/v1/projects/991350571487:getServerAppConfig  
 
[debug] [2019-07-02T22:41:32.152Z] <<< HTTP RESPONSE 200
[info] i  functions: preparing functions directory for uploading...
[debug] [2019-07-02T22:41:32.155Z] >>> HTTP REQUEST GET https://runtimeconfig.googleapis.com/v1beta1/projects/calendar-app-57e88/configs  
 
[debug] [2019-07-02T22:41:32.948Z] <<< HTTP RESPONSE 200
[debug] [2019-07-02T22:41:32.950Z] >>> HTTP REQUEST GET https://runtimeconfig.googleapis.com/v1beta1/projects/calendar-app-57e88/configs/elasticsearch/variables  
 
[debug] [2019-07-02T22:41:34.025Z] <<< HTTP RESPONSE 200
[debug] [2019-07-02T22:41:34.027Z] >>> HTTP REQUEST GET https://runtimeconfig.googleapis.com/v1beta1/projects/calendar-app-57e88/configs/elasticsearch/variables/password  
 
[debug] [2019-07-02T22:41:34.027Z] >>> HTTP REQUEST GET https://runtimeconfig.googleapis.com/v1beta1/projects/calendar-app-57e88/configs/elasticsearch/variables/url  
 
[debug] [2019-07-02T22:41:34.028Z] >>> HTTP REQUEST GET https://runtimeconfig.googleapis.com/v1beta1/projects/calendar-app-57e88/configs/elasticsearch/variables/username  
 
[debug] [2019-07-02T22:41:35.969Z] <<< HTTP RESPONSE 200
[debug] [2019-07-02T22:41:36.487Z] <<< HTTP RESPONSE 200
[debug] [2019-07-02T22:41:36.518Z] <<< HTTP RESPONSE 200
[info] i  functions: packaged functions (79.63 KB) for uploading
[debug] [2019-07-02T22:41:37.125Z] >>> HTTP REQUEST POST https://cloudfunctions.googleapis.com/v1/projects/calendar-app-57e88/locations/us-central1/functions:generateUploadUrl  
 
[debug] [2019-07-02T22:41:40.940Z] <<< HTTP RESPONSE 200
[debug] [2019-07-02T22:41:40.941Z] >>> HTTP REQUEST PUT https://storage.googleapis.com/gcf-upload-us-central1-32abcfaa-c9a1-4bbd-a135-bb3992ab3eb1/eb29f602-01ce-423d-9105-0452836dfac9.zip?GoogleAccessId=service-991350571487@gcf-admin-robot.iam.gserviceaccount.com&Expires=1562109107&Signature=uu2ryiuDBdLIEU8DCnDho9IwLFCYjAgDr7gWXs9%2BtukFr%2FBbQ38bIN9ncAKuDde2xSS3oCTNPt3BwZkG90n1Zck3VLwnajuzwMgJX8rCmfurO2Roq%2BTNmfOzuALbVOHISVscPb4zP266H7JOUrL061Ox9wm9fdG1KdMuVBvIQNEjJ0ygESu8%2BB45IoOsFTEA5KoWGFPa07xFVmseSgUINyVl%2BCUAHxNQFhdyh5Oq6qm2Zdr7GLlFGFG4h7mZ5KjkRpSRcNNpXnMIW7aqrQt6vzh4D5kAf8dOyb3syQf%2BiEP6kONXSdpZI7MXMpt2kZP4XJAxDwa3G6VzxeAfys0XIA%3D%3D  

[debug] [2019-07-02T22:41:52.052Z] <<< HTTP RESPONSE 200
[info] ✔  functions: functions folder uploaded successfully
[debug] [2019-07-02T22:41:52.054Z] >>> HTTP REQUEST GET https://cloudfunctions.googleapis.com/v1/projects/calendar-app-57e88/locations/-/functions  
 
[debug] [2019-07-02T22:41:54.818Z] <<< HTTP RESPONSE 200
[info] i  functions: updating Node.js 8 function translate(us-central1)...
[debug] [2019-07-02T22:41:54.822Z] Trigger is:  {"eventTrigger":{"resource":"projects/_/instances/calendar-app-57e88/refs/instance/0001-sais_edu_sg/chat/chatroom/Test Chatroom/messages/{messageID}","eventType":"providers/google.firebase.database/eventTypes/ref.write","service":"firebaseio.com"}}
[info] i  functions: updating Node.js 8 function sendPushNotificationSimonAll(us-central1)...
[debug] [2019-07-02T22:41:54.823Z] Trigger is:  {"eventTrigger":{"resource":"projects/_/instances/calendar-app-57e88/refs/instance/0001-sais_edu_sg/chat/chatroom/{chatroomID}/messages/{newMessageID}","eventType":"providers/google.firebase.database/eventTypes/ref.create","service":"firebaseio.com"}}
[info] i  functions: updating Node.js 8 function chatBeaconPing(us-central1)...
[debug] [2019-07-02T22:41:54.824Z] Trigger is:  {"eventTrigger":{"resource":"projects/_/instances/calendar-app-57e88/refs/instance/0001-sais_edu_sg/beacon/{beaconPing}","eventType":"providers/google.firebase.database/eventTypes/ref.create","service":"firebaseio.com"}}
[info] i  functions: updating Node.js 8 function beaconPingHistory(us-central1)...
[debug] [2019-07-02T22:41:54.824Z] Trigger is:  {"eventTrigger":{"resource":"projects/calendar-app-57e88/databases/(default)/documents/sais_edu_sg/beacon/beacons/{beaconID}","eventType":"providers/cloud.firestore/eventTypes/document.write","service":"firestore.googleapis.com"}}
[info] i  functions: updating Node.js 8 function beaconPingHistoryNotOurs(us-central1)...
[debug] [2019-07-02T22:41:54.825Z] Trigger is:  {"eventTrigger":{"resource":"projects/calendar-app-57e88/databases/(default)/documents/sais_edu_sg/beacon/beaconsNotOurs/{beaconID}","eventType":"providers/cloud.firestore/eventTypes/document.write","service":"firestore.googleapis.com"}}
[info] i  functions: updating Node.js 8 function computeCounts(us-central1)...
[debug] [2019-07-02T22:41:54.826Z] Trigger is:  {"httpsTrigger":{}}
[info] i  functions: updating Node.js 8 function deleteOldItems(us-central1)...
[debug] [2019-07-02T22:41:54.826Z] Trigger is:  {"httpsTrigger":{}}
[info] i  functions: updating Node.js 8 function registerBeacon(us-central1)...
[debug] [2019-07-02T22:41:54.826Z] Trigger is:  {"httpsTrigger":{}}
[info] 
The following functions are found in your project but do not exist in your local source code:
	myTestFunc(us-central1)

If you are renaming a function or changing its region, it is recommended that you create the new function first before deleting the old one to prevent event loss. For more info, visit https://firebase.google.com/docs/functions/manage-functions#modify

